<?xml version="1.0" encoding="UTF-8"?>
<!-- Generated by org.testng.reporters.JUnitReportReporter -->
<testsuite skipped="0" hostname="LTCH-5CD911212P" name="testRunner.FailedTestRunner" tests="2" failures="0" timestamp="2023-07-25T08:30:03 IST" time="20.360" errors="0">
  <testcase name="runScenario" time="9.842" classname="testRunner.FailedTestRunner"/>
  <system-out/>
  <testcase name="runScenario" time="10.518" classname="testRunner.FailedTestRunner"/>
  <system-out/>
</testsuite> <!-- testRunner.FailedTestRunner -->
