<?xml version="1.0" encoding="UTF-8"?>
<!-- Generated by org.testng.reporters.JUnitReportReporter -->
<testsuite skipped="0" hostname="LTCH-5CD911212P" name="testRunner.TestRunner" tests="3" failures="0" timestamp="2023-07-28T22:15:01 IST" time="64.327" errors="0">
  <testcase name="runScenario" time="21.550" classname="testRunner.TestRunner"/>
  <system-out/>
  <testcase name="runScenario" time="21.375" classname="testRunner.TestRunner"/>
  <system-out/>
  <testcase name="runScenario" time="21.402" classname="testRunner.TestRunner"/>
  <system-out/>
</testsuite> <!-- testRunner.TestRunner -->
