<?xml version="1.0" encoding="UTF-8"?>
<!-- Generated by org.testng.reporters.JUnitReportReporter -->
<testsuite skipped="0" hostname="LTCH-5CD911212P" name="testRunner.TestRunner" tests="2" failures="0" timestamp="2023-07-10T08:11:11 IST" time="92.955" errors="0">
  <testcase name="runScenario" time="48.322" classname="testRunner.TestRunner"/>
  <system-out/>
  <testcase name="runScenario" time="44.633" classname="testRunner.TestRunner"/>
  <system-out/>
</testsuite> <!-- testRunner.TestRunner -->
