<?xml version="1.0" encoding="UTF-8"?>
<!-- Generated by org.testng.reporters.JUnitReportReporter -->
<testsuite skipped="0" hostname="LTCH-5CD911212P" name="parallel.RunTests" tests="1" failures="0" timestamp="2023-05-03T16:51:42 IST" time="12.725" errors="0">
  <testcase name="runScenario" time="12.725" classname="parallel.RunTests"/>
  <system-out/>
</testsuite> <!-- parallel.RunTests -->
